2025-10-20 22:33:20,979 - __main__ - INFO - Iniciando sistema de deteccion de poses...
2025-10-20 22:33:20,979 - __main__ - ERROR - Error fatal: module 'config' has no attribute 'ALERT_COOLDOWN_SECONDS'
Traceback (most recent call last):
  File "C:\Users\jonit\OneDrive\Escritorio\pose_detection\main.py", line 302, in main
    system = PoseDetectionSystem()
  File "C:\Users\jonit\OneDrive\Escritorio\pose_detection\main.py", line 49, in __init__
    self.alert_cooldown = config.ALERT_COOLDOWN_SECONDS
                          ^^^^^^^^^^^^^^^^^^^^^^^^^^^^^
AttributeError: module 'config' has no attribute 'ALERT_COOLDOWN_SECONDS'
2025-10-20 22:42:33,164 - __main__ - INFO - Iniciando sistema de deteccion de poses...
2025-10-20 22:42:33,165 - __main__ - INFO - Cargando modelo yolov8n-pose.pt...
2025-10-20 22:42:33,275 - __main__ - INFO - Modelo cargado correctamente
2025-10-20 22:42:33,276 - __main__ - INFO - Inicializando detector ML...
2025-10-20 22:42:34,852 - detector_ml - INFO - Modelo cargado desde: data/pose_classifier.pkl
2025-10-20 22:42:34,852 - detector_ml - INFO - Detector ML inicializado correctamente
2025-10-20 22:42:34,853 - __main__ - ERROR - Error en inicialización: module 'config' has no attribute 'WEBHOOK_URL'
2025-10-20 22:42:34,853 - __main__ - ERROR - No se pudo inicializar el sistema
2025-10-20 22:42:55,207 - __main__ - INFO - Iniciando sistema de deteccion de poses...
2025-10-20 22:42:55,207 - __main__ - INFO - Cargando modelo yolov8n-pose.pt...
2025-10-20 22:42:55,307 - __main__ - INFO - Modelo cargado correctamente
2025-10-20 22:42:55,307 - __main__ - INFO - Inicializando detector ML...
2025-10-20 22:42:56,853 - detector_ml - INFO - Modelo cargado desde: data/pose_classifier.pkl
2025-10-20 22:42:56,854 - detector_ml - INFO - Detector ML inicializado correctamente
2025-10-20 22:42:56,854 - __main__ - ERROR - Error en inicialización: module 'config' has no attribute 'ENABLE_NOTIFICATIONS'
2025-10-20 22:42:56,854 - __main__ - ERROR - No se pudo inicializar el sistema
2025-10-20 22:43:13,791 - __main__ - INFO - Iniciando sistema de deteccion de poses...
2025-10-20 22:43:13,792 - __main__ - INFO - Cargando modelo yolov8n-pose.pt...
2025-10-20 22:43:13,893 - __main__ - INFO - Modelo cargado correctamente
2025-10-20 22:43:13,893 - __main__ - INFO - Inicializando detector ML...
2025-10-20 22:43:15,417 - detector_ml - INFO - Modelo cargado desde: data/pose_classifier.pkl
2025-10-20 22:43:15,418 - detector_ml - INFO - Detector ML inicializado correctamente
2025-10-20 22:43:15,418 - __main__ - ERROR - Error en inicialización: module 'config' has no attribute 'CAMERA_INDEX'
2025-10-20 22:43:15,418 - __main__ - ERROR - No se pudo inicializar el sistema
2025-10-20 22:44:22,027 - __main__ - INFO - Iniciando sistema de deteccion de poses...
2025-10-20 22:44:22,028 - __main__ - INFO - Cargando modelo yolov8n-pose.pt...
2025-10-20 22:44:22,128 - __main__ - INFO - Modelo cargado correctamente
2025-10-20 22:44:22,128 - __main__ - INFO - Inicializando detector ML...
2025-10-20 22:44:23,747 - detector_ml - INFO - Modelo cargado desde: data/pose_classifier.pkl
2025-10-20 22:44:23,747 - detector_ml - INFO - Detector ML inicializado correctamente
2025-10-20 22:44:23,747 - __main__ - INFO - Conectando a camara: 3
2025-10-20 22:44:25,009 - __main__ - INFO - Verificando lectura de frames...
2025-10-20 22:44:25,010 - __main__ - INFO - Sistema iniciado correctamente
2025-10-20 22:44:25,010 - __main__ - INFO - Resolucion de captura: 640x480
2025-10-20 22:44:25,010 - __main__ - INFO - Detector ML stats: {'model_path': 'data/pose_classifier.pkl', 'classes': ['escalamiento', 'patada', 'lanzar', 'mirar_ventana'], 'thresholds': {'escalamiento': 0.6, 'patada': 0.65, 'lanzar': 0.65, 'mirar_ventana': 0.55}, 'buffer_sizes': {'escalamiento': 0, 'patada': 0, 'lanzar': 0, 'mirar_ventana': 0}, 'min_durations': {'mirar_ventana': 2.0}}
2025-10-20 22:44:25,010 - __main__ - INFO - Iniciando deteccion...
2025-10-20 22:44:25,011 - __main__ - INFO - Presiona 'q' para salir, 'r' para resetear cooldowns
2025-10-20 22:44:25,226 - __main__ - ERROR - Error fatal: module 'config' has no attribute 'DISPLAY_VIDEO'
Traceback (most recent call last):
  File "C:\Users\jonit\OneDrive\Escritorio\pose_detection\main.py", line 305, in main
    system.run()
    ~~~~~~~~~~^^
  File "C:\Users\jonit\OneDrive\Escritorio\pose_detection\main.py", line 259, in run
    if config.DISPLAY_VIDEO:
       ^^^^^^^^^^^^^^^^^^^^
AttributeError: module 'config' has no attribute 'DISPLAY_VIDEO'
2025-10-20 23:02:27,000 - __main__ - INFO - Iniciando sistema de deteccion de poses...
2025-10-20 23:02:27,000 - __main__ - INFO - Cargando modelo yolov8n-pose.pt...
2025-10-20 23:02:27,104 - __main__ - INFO - Modelo cargado correctamente
2025-10-20 23:02:27,104 - __main__ - INFO - Inicializando detector ML...
2025-10-20 23:02:28,768 - detector_ml - INFO - Modelo cargado desde: data/pose_classifier.pkl
2025-10-20 23:02:28,768 - detector_ml - INFO - Detector ML inicializado correctamente
2025-10-20 23:02:28,768 - __main__ - ERROR - Error en inicialización: AlertNotifier.__init__() got an unexpected keyword argument 'webhook_url'
2025-10-20 23:02:28,768 - __main__ - ERROR - No se pudo inicializar el sistema
2025-10-20 23:02:59,553 - __main__ - INFO - Iniciando sistema de deteccion de poses...
2025-10-20 23:02:59,553 - __main__ - INFO - Cargando modelo yolov8n-pose.pt...
2025-10-20 23:02:59,667 - __main__ - INFO - Modelo cargado correctamente
2025-10-20 23:02:59,667 - __main__ - INFO - Inicializando detector ML...
2025-10-20 23:03:01,535 - detector_ml - INFO - Modelo cargado desde: data/pose_classifier.pkl
2025-10-20 23:03:01,535 - detector_ml - INFO - Detector ML inicializado correctamente
2025-10-20 23:03:01,535 - __main__ - INFO - Conectando a camara: 3
2025-10-20 23:03:02,702 - __main__ - INFO - Verificando lectura de frames...
2025-10-20 23:03:02,703 - __main__ - INFO - Sistema iniciado correctamente
2025-10-20 23:03:02,703 - __main__ - INFO - Resolucion de captura: 640x480
2025-10-20 23:03:02,703 - __main__ - INFO - Detector ML stats: {'model_path': 'data/pose_classifier.pkl', 'classes': ['escalamiento', 'patada', 'lanzar', 'mirar_ventana'], 'thresholds': {'escalamiento': 0.6, 'patada': 0.65, 'lanzar': 0.65, 'mirar_ventana': 0.55}, 'buffer_sizes': {'escalamiento': 0, 'patada': 0, 'lanzar': 0, 'mirar_ventana': 0}, 'min_durations': {'mirar_ventana': 2.0}}
2025-10-20 23:03:02,703 - __main__ - INFO - Iniciando deteccion...
2025-10-20 23:03:02,704 - __main__ - INFO - Presiona 'q' para salir, 'r' para resetear cooldowns
2025-10-20 23:06:21,617 - __main__ - WARNING - PATADA detectado (conf: 0.67)
2025-10-20 23:06:21,620 - __main__ - ERROR - Error fatal: The truth value of an array with more than one element is ambiguous. Use a.any() or a.all()
Traceback (most recent call last):
  File "C:\Users\jonit\OneDrive\Escritorio\pose_detection\main.py", line 319, in main
    system.run()
    ~~~~~~~~~~^^
  File "C:\Users\jonit\OneDrive\Escritorio\pose_detection\main.py", line 269, in run
    frame = self.process_frame(frame)
  File "C:\Users\jonit\OneDrive\Escritorio\pose_detection\main.py", line 164, in process_frame
    self.send_alert_if_allowed(pose_name, conf, meta, frame)
    ~~~~~~~~~~~~~~~~~~~~~~~~~~^^^^^^^^^^^^^^^^^^^^^^^^^^^^^^
  File "C:\Users\jonit\OneDrive\Escritorio\pose_detection\main.py", line 244, in send_alert_if_allowed
    self.notifier.send_alert(pose_name, confidence, metadata, frame)
    ~~~~~~~~~~~~~~~~~~~~~~~~^^^^^^^^^^^^^^^^^^^^^^^^^^^^^^^^^^^^^^^^
  File "C:\Users\jonit\OneDrive\Escritorio\pose_detection\notifier.py", line 80, in send_alert
    if metadata:
       ^^^^^^^^
ValueError: The truth value of an array with more than one element is ambiguous. Use a.any() or a.all()
2025-10-20 23:06:32,864 - __main__ - INFO - Iniciando sistema de deteccion de poses...
2025-10-20 23:06:32,865 - __main__ - INFO - Cargando modelo yolov8n-pose.pt...
2025-10-20 23:06:32,968 - __main__ - INFO - Modelo cargado correctamente
2025-10-20 23:06:32,969 - __main__ - INFO - Inicializando detector ML...
2025-10-20 23:06:34,530 - detector_ml - INFO - Modelo cargado desde: data/pose_classifier.pkl
2025-10-20 23:06:34,530 - detector_ml - INFO - Detector ML inicializado correctamente
2025-10-20 23:06:34,530 - __main__ - INFO - Conectando a camara: 3
2025-10-20 23:06:35,705 - __main__ - INFO - Verificando lectura de frames...
2025-10-20 23:06:35,706 - __main__ - INFO - Sistema iniciado correctamente
2025-10-20 23:06:35,706 - __main__ - INFO - Resolucion de captura: 640x480
2025-10-20 23:06:35,706 - __main__ - INFO - Detector ML stats: {'model_path': 'data/pose_classifier.pkl', 'classes': ['escalamiento', 'patada', 'lanzar', 'mirar_ventana'], 'thresholds': {'escalamiento': 0.6, 'patada': 0.65, 'lanzar': 0.65, 'mirar_ventana': 0.55}, 'buffer_sizes': {'escalamiento': 0, 'patada': 0, 'lanzar': 0, 'mirar_ventana': 0}, 'min_durations': {'mirar_ventana': 2.0}}
2025-10-20 23:06:35,706 - __main__ - INFO - Iniciando deteccion...
2025-10-20 23:06:35,706 - __main__ - INFO - Presiona 'q' para salir, 'r' para resetear cooldowns
2025-10-20 23:06:41,266 - __main__ - WARNING - PATADA detectado (conf: 0.67)
2025-10-20 23:06:41,268 - __main__ - ERROR - Error fatal: The truth value of an array with more than one element is ambiguous. Use a.any() or a.all()
Traceback (most recent call last):
  File "C:\Users\jonit\OneDrive\Escritorio\pose_detection\main.py", line 319, in main
    system.run()
    ~~~~~~~~~~^^
  File "C:\Users\jonit\OneDrive\Escritorio\pose_detection\main.py", line 269, in run
    frame = self.process_frame(frame)
  File "C:\Users\jonit\OneDrive\Escritorio\pose_detection\main.py", line 164, in process_frame
    self.send_alert_if_allowed(pose_name, conf, meta, frame)
    ~~~~~~~~~~~~~~~~~~~~~~~~~~^^^^^^^^^^^^^^^^^^^^^^^^^^^^^^
  File "C:\Users\jonit\OneDrive\Escritorio\pose_detection\main.py", line 244, in send_alert_if_allowed
    self.notifier.send_alert(pose_name, confidence, metadata, frame)
    ~~~~~~~~~~~~~~~~~~~~~~~~^^^^^^^^^^^^^^^^^^^^^^^^^^^^^^^^^^^^^^^^
  File "C:\Users\jonit\OneDrive\Escritorio\pose_detection\notifier.py", line 80, in send_alert
    if metadata:
       ^^^^^^^^
ValueError: The truth value of an array with more than one element is ambiguous. Use a.any() or a.all()
2025-10-20 23:08:57,568 - __main__ - INFO - Iniciando sistema de deteccion de poses...
2025-10-20 23:08:57,569 - __main__ - INFO - Cargando modelo yolov8n-pose.pt...
2025-10-20 23:08:57,674 - __main__ - INFO - Modelo cargado correctamente
2025-10-20 23:08:57,674 - __main__ - INFO - Inicializando detector ML...
2025-10-20 23:08:59,256 - detector_ml - INFO - Modelo cargado desde: data/pose_classifier.pkl
2025-10-20 23:08:59,256 - detector_ml - INFO - Detector ML inicializado correctamente
2025-10-20 23:08:59,256 - __main__ - INFO - Conectando a camara: 3
2025-10-20 23:09:00,434 - __main__ - INFO - Verificando lectura de frames...
2025-10-20 23:09:00,434 - __main__ - INFO - Sistema iniciado correctamente
2025-10-20 23:09:00,435 - __main__ - INFO - Resolucion de captura: 640x480
2025-10-20 23:09:00,435 - __main__ - INFO - Detector ML stats: {'model_path': 'data/pose_classifier.pkl', 'classes': ['escalamiento', 'patada', 'lanzar', 'mirar_ventana'], 'thresholds': {'escalamiento': 0.6, 'patada': 0.65, 'lanzar': 0.65, 'mirar_ventana': 0.55}, 'buffer_sizes': {'escalamiento': 0, 'patada': 0, 'lanzar': 0, 'mirar_ventana': 0}, 'min_durations': {'mirar_ventana': 2.0}}
2025-10-20 23:09:00,435 - __main__ - INFO - Iniciando deteccion...
2025-10-20 23:09:00,435 - __main__ - INFO - Presiona 'q' para salir, 'r' para resetear cooldowns
2025-10-20 23:09:26,782 - __main__ - WARNING - PATADA detectado (conf: 0.66)
2025-10-20 23:09:31,848 - __main__ - WARNING - PATADA detectado (conf: 0.67)
2025-10-20 23:09:32,004 - __main__ - WARNING - PATADA detectado (conf: 0.71)
2025-10-20 23:09:32,145 - __main__ - WARNING - PATADA detectado (conf: 0.69)
2025-10-20 23:09:32,294 - __main__ - WARNING - PATADA detectado (conf: 0.66)
2025-10-20 23:09:48,222 - __main__ - WARNING - PATADA detectado (conf: 0.66)
2025-10-20 23:10:17,946 - __main__ - WARNING - PATADA detectado (conf: 0.66)
2025-10-20 23:11:08,433 - __main__ - WARNING - PATADA detectado (conf: 0.68)
2025-10-20 23:11:08,592 - __main__ - WARNING - PATADA detectado (conf: 0.67)
2025-10-20 23:11:08,745 - __main__ - WARNING - PATADA detectado (conf: 0.67)
2025-10-20 23:11:08,912 - __main__ - WARNING - PATADA detectado (conf: 0.69)
2025-10-20 23:11:09,068 - __main__ - WARNING - PATADA detectado (conf: 0.72)
2025-10-20 23:11:09,218 - __main__ - WARNING - PATADA detectado (conf: 0.71)
2025-10-20 23:11:11,966 - __main__ - WARNING - PATADA detectado (conf: 0.65)
2025-10-20 23:11:12,108 - __main__ - WARNING - PATADA detectado (conf: 0.67)
2025-10-20 23:11:12,251 - __main__ - WARNING - PATADA detectado (conf: 0.67)
2025-10-20 23:11:12,392 - __main__ - WARNING - PATADA detectado (conf: 0.68)
2025-10-20 23:11:12,538 - __main__ - WARNING - PATADA detectado (conf: 0.68)
2025-10-20 23:11:12,701 - __main__ - WARNING - PATADA detectado (conf: 0.68)
2025-10-20 23:11:12,845 - __main__ - WARNING - PATADA detectado (conf: 0.68)
2025-10-20 23:11:12,978 - __main__ - WARNING - PATADA detectado (conf: 0.68)
2025-10-20 23:11:13,119 - __main__ - WARNING - PATADA detectado (conf: 0.68)
2025-10-20 23:11:13,313 - __main__ - WARNING - PATADA detectado (conf: 0.67)
2025-10-20 23:11:13,483 - __main__ - WARNING - PATADA detectado (conf: 0.67)
2025-10-20 23:11:13,640 - __main__ - WARNING - PATADA detectado (conf: 0.67)
2025-10-20 23:11:13,810 - __main__ - WARNING - PATADA detectado (conf: 0.68)
2025-10-20 23:11:13,983 - __main__ - WARNING - PATADA detectado (conf: 0.68)
2025-10-20 23:11:14,160 - __main__ - WARNING - PATADA detectado (conf: 0.68)
2025-10-20 23:11:14,315 - __main__ - WARNING - PATADA detectado (conf: 0.69)
2025-10-20 23:11:14,456 - __main__ - WARNING - PATADA detectado (conf: 0.68)
2025-10-20 23:11:14,600 - __main__ - WARNING - PATADA detectado (conf: 0.67)
2025-10-20 23:11:17,319 - __main__ - WARNING - PATADA detectado (conf: 0.72)
2025-10-20 23:11:17,458 - __main__ - WARNING - PATADA detectado (conf: 0.73)
2025-10-20 23:11:17,600 - __main__ - WARNING - PATADA detectado (conf: 0.71)
2025-10-20 23:11:17,746 - __main__ - WARNING - PATADA detectado (conf: 0.66)
2025-10-20 23:11:17,886 - __main__ - WARNING - PATADA detectado (conf: 0.66)
2025-10-20 23:11:18,029 - __main__ - WARNING - PATADA detectado (conf: 0.65)
2025-10-20 23:11:18,175 - __main__ - WARNING - PATADA detectado (conf: 0.67)
2025-10-20 23:11:18,323 - __main__ - WARNING - PATADA detectado (conf: 0.67)
2025-10-20 23:11:18,465 - __main__ - WARNING - PATADA detectado (conf: 0.68)
2025-10-20 23:11:18,607 - __main__ - WARNING - PATADA detectado (conf: 0.69)
2025-10-20 23:11:18,771 - __main__ - WARNING - PATADA detectado (conf: 0.71)
2025-10-20 23:11:18,930 - __main__ - WARNING - PATADA detectado (conf: 0.72)
2025-10-20 23:11:19,087 - __main__ - WARNING - PATADA detectado (conf: 0.71)
2025-10-20 23:11:22,641 - __main__ - WARNING - PATADA detectado (conf: 0.69)
2025-10-20 23:11:22,807 - __main__ - WARNING - PATADA detectado (conf: 0.69)
2025-10-20 23:11:22,951 - __main__ - WARNING - PATADA detectado (conf: 0.67)
2025-10-20 23:11:23,090 - __main__ - WARNING - PATADA detectado (conf: 0.66)
2025-10-20 23:11:23,237 - __main__ - WARNING - PATADA detectado (conf: 0.66)
2025-10-20 23:11:23,382 - __main__ - WARNING - PATADA detectado (conf: 0.68)
2025-10-20 23:11:23,521 - __main__ - WARNING - PATADA detectado (conf: 0.68)
2025-10-20 23:11:23,667 - __main__ - WARNING - PATADA detectado (conf: 0.69)
2025-10-20 23:11:23,798 - __main__ - WARNING - PATADA detectado (conf: 0.67)
2025-10-20 23:11:23,952 - __main__ - WARNING - PATADA detectado (conf: 0.66)
2025-10-20 23:11:31,067 - __main__ - WARNING - PATADA detectado (conf: 0.65)
2025-10-20 23:11:31,222 - __main__ - WARNING - PATADA detectado (conf: 0.65)
2025-10-20 23:11:31,365 - __main__ - WARNING - PATADA detectado (conf: 0.66)
2025-10-20 23:11:31,504 - __main__ - WARNING - PATADA detectado (conf: 0.66)
2025-10-20 23:11:31,650 - __main__ - WARNING - PATADA detectado (conf: 0.66)
2025-10-20 23:11:31,806 - __main__ - WARNING - PATADA detectado (conf: 0.68)
2025-10-20 23:11:31,964 - __main__ - WARNING - PATADA detectado (conf: 0.69)
2025-10-20 23:11:32,125 - __main__ - WARNING - PATADA detectado (conf: 0.69)
2025-10-20 23:11:32,262 - __main__ - WARNING - PATADA detectado (conf: 0.69)
2025-10-20 23:11:32,440 - __main__ - WARNING - PATADA detectado (conf: 0.67)
2025-10-20 23:11:32,599 - __main__ - WARNING - PATADA detectado (conf: 0.66)
2025-10-20 23:11:35,226 - __main__ - WARNING - PATADA detectado (conf: 0.66)
2025-10-20 23:11:35,370 - __main__ - WARNING - PATADA detectado (conf: 0.73)
2025-10-20 23:11:35,519 - __main__ - WARNING - PATADA detectado (conf: 0.73)
2025-10-20 23:11:35,663 - __main__ - WARNING - PATADA detectado (conf: 0.73)
2025-10-20 23:11:35,803 - __main__ - WARNING - PATADA detectado (conf: 0.74)
2025-10-20 23:11:36,009 - __main__ - WARNING - PATADA detectado (conf: 0.76)
2025-10-20 23:11:36,156 - __main__ - WARNING - PATADA detectado (conf: 0.77)
2025-10-20 23:11:36,299 - __main__ - WARNING - PATADA detectado (conf: 0.77)
2025-10-20 23:11:36,451 - __main__ - WARNING - PATADA detectado (conf: 0.72)
2025-10-20 23:11:48,552 - __main__ - WARNING - ESCALAMIENTO detectado (conf: 0.61)
2025-10-20 23:11:48,692 - __main__ - WARNING - ESCALAMIENTO detectado (conf: 0.65)
2025-10-20 23:11:48,824 - __main__ - WARNING - ESCALAMIENTO detectado (conf: 0.64)
2025-10-20 23:11:48,956 - __main__ - WARNING - ESCALAMIENTO detectado (conf: 0.62)
2025-10-20 23:11:53,011 - __main__ - WARNING - ESCALAMIENTO detectado (conf: 0.61)
2025-10-20 23:11:53,158 - __main__ - WARNING - ESCALAMIENTO detectado (conf: 0.63)
2025-10-20 23:11:53,310 - __main__ - WARNING - ESCALAMIENTO detectado (conf: 0.64)
2025-10-20 23:11:53,454 - __main__ - WARNING - ESCALAMIENTO detectado (conf: 0.66)
2025-10-20 23:11:53,603 - __main__ - WARNING - ESCALAMIENTO detectado (conf: 0.65)
2025-10-20 23:11:53,746 - __main__ - WARNING - ESCALAMIENTO detectado (conf: 0.65)
2025-10-20 23:11:53,888 - __main__ - WARNING - ESCALAMIENTO detectado (conf: 0.66)
2025-10-20 23:11:54,028 - __main__ - WARNING - ESCALAMIENTO detectado (conf: 0.67)
2025-10-20 23:11:54,173 - __main__ - WARNING - ESCALAMIENTO detectado (conf: 0.66)
2025-10-20 23:11:54,312 - __main__ - WARNING - ESCALAMIENTO detectado (conf: 0.67)
2025-10-20 23:11:54,448 - __main__ - WARNING - ESCALAMIENTO detectado (conf: 0.68)
2025-10-20 23:11:54,602 - __main__ - WARNING - ESCALAMIENTO detectado (conf: 0.67)
2025-10-20 23:11:54,762 - __main__ - WARNING - ESCALAMIENTO detectado (conf: 0.67)
2025-10-20 23:11:54,919 - __main__ - WARNING - ESCALAMIENTO detectado (conf: 0.68)
2025-10-20 23:11:55,074 - __main__ - WARNING - ESCALAMIENTO detectado (conf: 0.68)
2025-10-20 23:11:55,215 - __main__ - WARNING - ESCALAMIENTO detectado (conf: 0.68)
2025-10-20 23:11:55,358 - __main__ - WARNING - ESCALAMIENTO detectado (conf: 0.68)
2025-10-20 23:11:55,501 - __main__ - WARNING - ESCALAMIENTO detectado (conf: 0.68)
2025-10-20 23:11:55,653 - __main__ - WARNING - ESCALAMIENTO detectado (conf: 0.65)
2025-10-20 23:13:38,167 - __main__ - WARNING - PATADA detectado (conf: 0.66)
2025-10-20 23:13:38,308 - __main__ - WARNING - PATADA detectado (conf: 0.72)
2025-10-20 23:13:38,454 - __main__ - WARNING - PATADA detectado (conf: 0.74)
2025-10-20 23:13:38,653 - __main__ - WARNING - PATADA detectado (conf: 0.75)
2025-10-20 23:13:38,794 - __main__ - WARNING - PATADA detectado (conf: 0.71)
2025-10-20 23:13:43,363 - __main__ - WARNING - PATADA detectado (conf: 0.70)
2025-10-20 23:13:43,520 - __main__ - WARNING - PATADA detectado (conf: 0.74)
2025-10-20 23:13:43,677 - __main__ - WARNING - PATADA detectado (conf: 0.76)
2025-10-20 23:13:43,829 - __main__ - WARNING - PATADA detectado (conf: 0.74)
2025-10-20 23:13:43,995 - __main__ - WARNING - PATADA detectado (conf: 0.74)
2025-10-20 23:13:44,148 - __main__ - WARNING - PATADA detectado (conf: 0.72)
2025-10-20 23:13:44,294 - __main__ - WARNING - PATADA detectado (conf: 0.73)
2025-10-20 23:13:44,435 - __main__ - WARNING - PATADA detectado (conf: 0.74)
2025-10-20 23:13:44,607 - __main__ - WARNING - PATADA detectado (conf: 0.76)
2025-10-20 23:13:44,760 - __main__ - WARNING - PATADA detectado (conf: 0.75)
2025-10-20 23:13:44,913 - __main__ - WARNING - PATADA detectado (conf: 0.74)
2025-10-20 23:13:45,086 - __main__ - WARNING - PATADA detectado (conf: 0.73)
2025-10-20 23:13:45,259 - __main__ - WARNING - PATADA detectado (conf: 0.72)
2025-10-20 23:13:45,419 - __main__ - WARNING - PATADA detectado (conf: 0.72)
2025-10-20 23:13:45,575 - __main__ - WARNING - PATADA detectado (conf: 0.71)
2025-10-20 23:13:45,730 - __main__ - WARNING - PATADA detectado (conf: 0.71)
2025-10-20 23:13:45,890 - __main__ - WARNING - PATADA detectado (conf: 0.71)
2025-10-20 23:13:46,046 - __main__ - WARNING - PATADA detectado (conf: 0.68)
2025-10-20 23:13:46,213 - __main__ - WARNING - PATADA detectado (conf: 0.66)
2025-10-20 23:13:46,492 - __main__ - WARNING - PATADA detectado (conf: 0.68)
2025-10-20 23:13:46,636 - __main__ - WARNING - PATADA detectado (conf: 0.71)
2025-10-20 23:13:46,783 - __main__ - WARNING - PATADA detectado (conf: 0.74)
2025-10-20 23:13:46,940 - __main__ - WARNING - PATADA detectado (conf: 0.73)
2025-10-20 23:13:47,100 - __main__ - WARNING - PATADA detectado (conf: 0.71)
2025-10-20 23:13:47,259 - __main__ - WARNING - PATADA detectado (conf: 0.71)
2025-10-20 23:13:47,431 - __main__ - WARNING - PATADA detectado (conf: 0.78)
2025-10-20 23:13:47,593 - __main__ - WARNING - PATADA detectado (conf: 0.78)
2025-10-20 23:13:47,746 - __main__ - WARNING - PATADA detectado (conf: 0.75)
2025-10-20 23:13:47,889 - __main__ - WARNING - PATADA detectado (conf: 0.70)
2025-10-20 23:13:48,043 - __main__ - WARNING - PATADA detectado (conf: 0.73)
2025-10-20 23:13:48,177 - __main__ - WARNING - PATADA detectado (conf: 0.77)
2025-10-20 23:13:48,324 - __main__ - WARNING - PATADA detectado (conf: 0.78)
2025-10-20 23:13:48,516 - __main__ - WARNING - PATADA detectado (conf: 0.76)
2025-10-20 23:13:48,661 - __main__ - WARNING - PATADA detectado (conf: 0.68)
2025-10-20 23:14:11,985 - __main__ - WARNING - PATADA detectado (conf: 0.69)
2025-10-20 23:14:12,126 - __main__ - WARNING - PATADA detectado (conf: 0.71)
2025-10-20 23:14:12,267 - __main__ - WARNING - PATADA detectado (conf: 0.71)
2025-10-20 23:14:12,406 - __main__ - WARNING - PATADA detectado (conf: 0.70)
2025-10-20 23:14:12,542 - __main__ - WARNING - PATADA detectado (conf: 0.65)
2025-10-20 23:14:45,830 - __main__ - WARNING - PATADA detectado (conf: 0.66)
2025-10-20 23:14:45,986 - __main__ - WARNING - PATADA detectado (conf: 0.66)
2025-10-20 23:14:57,813 - __main__ - WARNING - ESCALAMIENTO detectado (conf: 0.61)
2025-10-20 23:14:58,000 - __main__ - WARNING - ESCALAMIENTO detectado (conf: 0.62)
2025-10-20 23:14:58,140 - __main__ - WARNING - ESCALAMIENTO detectado (conf: 0.62)
2025-10-20 23:14:59,158 - __main__ - WARNING - PATADA detectado (conf: 0.70)
2025-10-20 23:14:59,300 - __main__ - WARNING - PATADA detectado (conf: 0.72)
2025-10-20 23:14:59,436 - __main__ - WARNING - PATADA detectado (conf: 0.70)
2025-10-20 23:14:59,578 - __main__ - WARNING - PATADA detectado (conf: 0.68)
2025-10-20 23:15:07,131 - __main__ - WARNING - ESCALAMIENTO detectado (conf: 0.62)
2025-10-20 23:15:07,270 - __main__ - WARNING - ESCALAMIENTO detectado (conf: 0.63)
2025-10-20 23:15:07,404 - __main__ - WARNING - ESCALAMIENTO detectado (conf: 0.66)
2025-10-20 23:15:07,552 - __main__ - WARNING - ESCALAMIENTO detectado (conf: 0.67)
2025-10-20 23:15:07,729 - __main__ - WARNING - ESCALAMIENTO detectado (conf: 0.67)
2025-10-20 23:15:07,875 - __main__ - WARNING - ESCALAMIENTO detectado (conf: 0.66)
2025-10-20 23:15:08,015 - __main__ - WARNING - ESCALAMIENTO detectado (conf: 0.67)
2025-10-20 23:15:08,154 - __main__ - WARNING - ESCALAMIENTO detectado (conf: 0.67)
2025-10-20 23:15:08,294 - __main__ - WARNING - ESCALAMIENTO detectado (conf: 0.68)
2025-10-20 23:15:08,435 - __main__ - WARNING - ESCALAMIENTO detectado (conf: 0.68)
2025-10-20 23:15:08,580 - __main__ - WARNING - ESCALAMIENTO detectado (conf: 0.68)
2025-10-20 23:15:08,737 - __main__ - WARNING - ESCALAMIENTO detectado (conf: 0.68)
2025-10-20 23:15:08,894 - __main__ - WARNING - ESCALAMIENTO detectado (conf: 0.69)
2025-10-20 23:15:09,045 - __main__ - WARNING - ESCALAMIENTO detectado (conf: 0.69)
2025-10-20 23:15:09,199 - __main__ - WARNING - ESCALAMIENTO detectado (conf: 0.68)
2025-10-20 23:15:09,341 - __main__ - WARNING - ESCALAMIENTO detectado (conf: 0.67)
2025-10-20 23:15:09,481 - __main__ - WARNING - ESCALAMIENTO detectado (conf: 0.64)
2025-10-20 23:15:12,241 - __main__ - WARNING - ESCALAMIENTO detectado (conf: 0.61)
2025-10-20 23:15:12,387 - __main__ - WARNING - ESCALAMIENTO detectado (conf: 0.65)
2025-10-20 23:15:12,535 - __main__ - WARNING - ESCALAMIENTO detectado (conf: 0.67)
2025-10-20 23:15:12,689 - __main__ - WARNING - ESCALAMIENTO detectado (conf: 0.68)
2025-10-20 23:15:12,830 - __main__ - WARNING - ESCALAMIENTO detectado (conf: 0.69)
2025-10-20 23:15:12,991 - __main__ - WARNING - ESCALAMIENTO detectado (conf: 0.68)
2025-10-20 23:15:13,135 - __main__ - WARNING - ESCALAMIENTO detectado (conf: 0.67)
2025-10-20 23:15:13,279 - __main__ - WARNING - ESCALAMIENTO detectado (conf: 0.67)
2025-10-20 23:15:13,441 - __main__ - WARNING - ESCALAMIENTO detectado (conf: 0.67)
2025-10-20 23:15:13,597 - __main__ - WARNING - ESCALAMIENTO detectado (conf: 0.67)
2025-10-20 23:15:13,774 - __main__ - WARNING - ESCALAMIENTO detectado (conf: 0.68)
2025-10-20 23:15:13,972 - __main__ - WARNING - ESCALAMIENTO detectado (conf: 0.68)
2025-10-20 23:15:14,153 - __main__ - WARNING - ESCALAMIENTO detectado (conf: 0.67)
2025-10-20 23:15:14,335 - __main__ - WARNING - ESCALAMIENTO detectado (conf: 0.64)
2025-10-20 23:15:16,817 - __main__ - WARNING - ESCALAMIENTO detectado (conf: 0.61)
2025-10-20 23:15:16,966 - __main__ - WARNING - ESCALAMIENTO detectado (conf: 0.66)
2025-10-20 23:15:17,125 - __main__ - WARNING - ESCALAMIENTO detectado (conf: 0.69)
2025-10-20 23:15:17,267 - __main__ - WARNING - ESCALAMIENTO detectado (conf: 0.70)
2025-10-20 23:15:17,401 - __main__ - WARNING - ESCALAMIENTO detectado (conf: 0.70)
2025-10-20 23:15:17,542 - __main__ - WARNING - ESCALAMIENTO detectado (conf: 0.70)
2025-10-20 23:15:17,684 - __main__ - WARNING - ESCALAMIENTO detectado (conf: 0.70)
2025-10-20 23:15:17,825 - __main__ - WARNING - ESCALAMIENTO detectado (conf: 0.70)
2025-10-20 23:15:18,031 - __main__ - WARNING - ESCALAMIENTO detectado (conf: 0.70)
2025-10-20 23:15:18,171 - __main__ - WARNING - ESCALAMIENTO detectado (conf: 0.69)
2025-10-20 23:15:18,321 - __main__ - WARNING - ESCALAMIENTO detectado (conf: 0.69)
2025-10-20 23:15:18,457 - __main__ - WARNING - ESCALAMIENTO detectado (conf: 0.68)
2025-10-20 23:15:18,591 - __main__ - WARNING - ESCALAMIENTO detectado (conf: 0.67)
2025-10-20 23:15:18,736 - __main__ - WARNING - ESCALAMIENTO detectado (conf: 0.64)
2025-10-20 23:15:18,883 - __main__ - WARNING - ESCALAMIENTO detectado (conf: 0.61)
2025-10-20 23:15:37,828 - __main__ - WARNING - ESCALAMIENTO detectado (conf: 0.60)
2025-10-20 23:15:37,965 - __main__ - WARNING - ESCALAMIENTO detectado (conf: 0.63)
2025-10-20 23:15:38,109 - __main__ - WARNING - ESCALAMIENTO detectado (conf: 0.61)
2025-10-20 23:15:41,126 - __main__ - WARNING - ESCALAMIENTO detectado (conf: 0.64)
2025-10-20 23:15:41,268 - __main__ - WARNING - ESCALAMIENTO detectado (conf: 0.67)
2025-10-20 23:15:41,402 - __main__ - WARNING - ESCALAMIENTO detectado (conf: 0.68)
2025-10-20 23:15:41,548 - __main__ - WARNING - ESCALAMIENTO detectado (conf: 0.69)
2025-10-20 23:15:41,688 - __main__ - WARNING - ESCALAMIENTO detectado (conf: 0.70)
2025-10-20 23:15:41,827 - __main__ - WARNING - ESCALAMIENTO detectado (conf: 0.70)
2025-10-20 23:15:41,953 - __main__ - WARNING - ESCALAMIENTO detectado (conf: 0.69)
2025-10-20 23:15:42,087 - __main__ - WARNING - ESCALAMIENTO detectado (conf: 0.68)
2025-10-20 23:15:42,226 - __main__ - WARNING - ESCALAMIENTO detectado (conf: 0.68)
2025-10-20 23:15:42,369 - __main__ - WARNING - ESCALAMIENTO detectado (conf: 0.68)
2025-10-20 23:15:42,526 - __main__ - WARNING - ESCALAMIENTO detectado (conf: 0.68)
2025-10-20 23:15:42,683 - __main__ - WARNING - ESCALAMIENTO detectado (conf: 0.69)
2025-10-20 23:15:42,839 - __main__ - WARNING - ESCALAMIENTO detectado (conf: 0.69)
2025-10-20 23:15:42,991 - __main__ - WARNING - ESCALAMIENTO detectado (conf: 0.67)
2025-10-20 23:15:43,131 - __main__ - WARNING - ESCALAMIENTO detectado (conf: 0.65)
2025-10-20 23:15:43,276 - __main__ - WARNING - ESCALAMIENTO detectado (conf: 0.62)
2025-10-20 23:15:45,069 - __main__ - WARNING - ESCALAMIENTO detectado (conf: 0.62)
2025-10-20 23:15:45,228 - __main__ - WARNING - ESCALAMIENTO detectado (conf: 0.64)
2025-10-20 23:15:45,384 - __main__ - WARNING - ESCALAMIENTO detectado (conf: 0.66)
2025-10-20 23:15:45,536 - __main__ - WARNING - ESCALAMIENTO detectado (conf: 0.67)
2025-10-20 23:15:45,680 - __main__ - WARNING - ESCALAMIENTO detectado (conf: 0.67)
2025-10-20 23:15:45,820 - __main__ - WARNING - ESCALAMIENTO detectado (conf: 0.67)
2025-10-20 23:15:45,964 - __main__ - WARNING - ESCALAMIENTO detectado (conf: 0.67)
2025-10-20 23:15:46,119 - __main__ - WARNING - ESCALAMIENTO detectado (conf: 0.67)
2025-10-20 23:15:46,260 - __main__ - WARNING - ESCALAMIENTO detectado (conf: 0.67)
2025-10-20 23:15:46,401 - __main__ - WARNING - ESCALAMIENTO detectado (conf: 0.66)
2025-10-20 23:15:46,537 - __main__ - WARNING - ESCALAMIENTO detectado (conf: 0.64)
2025-10-20 23:15:46,689 - __main__ - WARNING - ESCALAMIENTO detectado (conf: 0.61)
2025-10-20 23:15:57,807 - __main__ - WARNING - ESCALAMIENTO detectado (conf: 0.62)
2025-10-20 23:15:57,976 - __main__ - WARNING - ESCALAMIENTO detectado (conf: 0.64)
2025-10-20 23:15:58,133 - __main__ - WARNING - ESCALAMIENTO detectado (conf: 0.66)
2025-10-20 23:15:58,267 - __main__ - WARNING - ESCALAMIENTO detectado (conf: 0.67)
2025-10-20 23:15:58,419 - __main__ - WARNING - ESCALAMIENTO detectado (conf: 0.67)
2025-10-20 23:15:58,565 - __main__ - WARNING - ESCALAMIENTO detectado (conf: 0.66)
2025-10-20 23:15:58,721 - __main__ - WARNING - ESCALAMIENTO detectado (conf: 0.65)
2025-10-20 23:15:58,865 - __main__ - WARNING - ESCALAMIENTO detectado (conf: 0.64)
2025-10-20 23:15:59,024 - __main__ - WARNING - ESCALAMIENTO detectado (conf: 0.64)
2025-10-20 23:15:59,157 - __main__ - WARNING - ESCALAMIENTO detectado (conf: 0.65)
2025-10-20 23:15:59,302 - __main__ - WARNING - ESCALAMIENTO detectado (conf: 0.67)
2025-10-20 23:15:59,456 - __main__ - WARNING - ESCALAMIENTO detectado (conf: 0.68)
2025-10-20 23:15:59,601 - __main__ - WARNING - ESCALAMIENTO detectado (conf: 0.67)
2025-10-20 23:15:59,747 - __main__ - WARNING - ESCALAMIENTO detectado (conf: 0.64)
2025-10-20 23:15:59,903 - __main__ - WARNING - ESCALAMIENTO detectado (conf: 0.62)
2025-10-20 23:16:01,355 - __main__ - WARNING - ESCALAMIENTO detectado (conf: 0.63)
2025-10-20 23:16:01,513 - __main__ - WARNING - ESCALAMIENTO detectado (conf: 0.67)
2025-10-20 23:16:01,657 - __main__ - WARNING - ESCALAMIENTO detectado (conf: 0.71)
2025-10-20 23:16:01,801 - __main__ - WARNING - ESCALAMIENTO detectado (conf: 0.73)
2025-10-20 23:16:01,946 - __main__ - WARNING - ESCALAMIENTO detectado (conf: 0.73)
2025-10-20 23:16:02,094 - __main__ - WARNING - ESCALAMIENTO detectado (conf: 0.73)
2025-10-20 23:16:02,245 - __main__ - WARNING - ESCALAMIENTO detectado (conf: 0.72)
2025-10-20 23:16:02,392 - __main__ - WARNING - ESCALAMIENTO detectado (conf: 0.72)
2025-10-20 23:16:02,535 - __main__ - WARNING - ESCALAMIENTO detectado (conf: 0.72)
2025-10-20 23:16:02,662 - __main__ - WARNING - ESCALAMIENTO detectado (conf: 0.72)
2025-10-20 23:16:02,807 - __main__ - WARNING - ESCALAMIENTO detectado (conf: 0.71)
2025-10-20 23:16:02,977 - __main__ - WARNING - ESCALAMIENTO detectado (conf: 0.68)
2025-10-20 23:16:03,163 - __main__ - WARNING - ESCALAMIENTO detectado (conf: 0.64)
2025-10-20 23:16:03,325 - __main__ - WARNING - ESCALAMIENTO detectado (conf: 0.60)
2025-10-20 23:16:04,361 - __main__ - WARNING - ESCALAMIENTO detectado (conf: 0.61)
2025-10-20 23:16:04,505 - __main__ - WARNING - ESCALAMIENTO detectado (conf: 0.62)
2025-10-20 23:16:04,662 - __main__ - WARNING - ESCALAMIENTO detectado (conf: 0.62)
2025-10-20 23:16:04,810 - __main__ - WARNING - ESCALAMIENTO detectado (conf: 0.63)
2025-10-20 23:16:04,942 - __main__ - WARNING - ESCALAMIENTO detectado (conf: 0.63)
2025-10-20 23:16:05,091 - __main__ - WARNING - ESCALAMIENTO detectado (conf: 0.64)
2025-10-20 23:16:05,234 - __main__ - WARNING - ESCALAMIENTO detectado (conf: 0.66)
2025-10-20 23:16:05,380 - __main__ - WARNING - ESCALAMIENTO detectado (conf: 0.66)
2025-10-20 23:16:05,527 - __main__ - WARNING - ESCALAMIENTO detectado (conf: 0.66)
2025-10-20 23:16:05,680 - __main__ - WARNING - ESCALAMIENTO detectado (conf: 0.66)
2025-10-20 23:16:05,838 - __main__ - WARNING - ESCALAMIENTO detectado (conf: 0.66)
2025-10-20 23:16:05,994 - __main__ - WARNING - ESCALAMIENTO detectado (conf: 0.65)
2025-10-20 23:16:06,145 - __main__ - WARNING - ESCALAMIENTO detectado (conf: 0.64)
2025-10-20 23:16:06,288 - __main__ - WARNING - ESCALAMIENTO detectado (conf: 0.64)
2025-10-20 23:16:06,441 - __main__ - WARNING - ESCALAMIENTO detectado (conf: 0.62)
2025-10-20 23:16:06,582 - __main__ - WARNING - ESCALAMIENTO detectado (conf: 0.60)
2025-10-20 23:16:20,309 - __main__ - WARNING - ESCALAMIENTO detectado (conf: 0.64)
2025-10-20 23:16:20,459 - __main__ - WARNING - ESCALAMIENTO detectado (conf: 0.64)
2025-10-20 23:16:20,655 - __main__ - WARNING - ESCALAMIENTO detectado (conf: 0.63)
2025-10-20 23:16:20,836 - __main__ - WARNING - ESCALAMIENTO detectado (conf: 0.63)
2025-10-20 23:16:21,014 - __main__ - WARNING - ESCALAMIENTO detectado (conf: 0.62)
2025-10-20 23:16:21,193 - __main__ - WARNING - ESCALAMIENTO detectado (conf: 0.63)
2025-10-20 23:16:21,346 - __main__ - WARNING - ESCALAMIENTO detectado (conf: 0.65)
2025-10-20 23:16:21,488 - __main__ - WARNING - ESCALAMIENTO detectado (conf: 0.67)
2025-10-20 23:16:21,631 - __main__ - WARNING - ESCALAMIENTO detectado (conf: 0.67)
2025-10-20 23:16:21,758 - __main__ - WARNING - ESCALAMIENTO detectado (conf: 0.66)
2025-10-20 23:16:21,901 - __main__ - WARNING - ESCALAMIENTO detectado (conf: 0.64)
2025-10-20 23:16:22,043 - __main__ - WARNING - ESCALAMIENTO detectado (conf: 0.62)
2025-10-20 23:16:31,796 - __main__ - WARNING - ESCALAMIENTO detectado (conf: 0.61)
2025-10-20 23:16:31,955 - __main__ - WARNING - ESCALAMIENTO detectado (conf: 0.64)
2025-10-20 23:16:32,102 - __main__ - WARNING - ESCALAMIENTO detectado (conf: 0.66)
2025-10-20 23:16:32,259 - __main__ - WARNING - ESCALAMIENTO detectado (conf: 0.67)
2025-10-20 23:16:32,403 - __main__ - WARNING - ESCALAMIENTO detectado (conf: 0.67)
2025-10-20 23:16:32,556 - __main__ - WARNING - ESCALAMIENTO detectado (conf: 0.67)
2025-10-20 23:16:32,715 - __main__ - WARNING - ESCALAMIENTO detectado (conf: 0.67)
2025-10-20 23:16:32,862 - __main__ - WARNING - ESCALAMIENTO detectado (conf: 0.67)
2025-10-20 23:16:33,026 - __main__ - WARNING - ESCALAMIENTO detectado (conf: 0.67)
2025-10-20 23:16:33,179 - __main__ - WARNING - ESCALAMIENTO detectado (conf: 0.66)
2025-10-20 23:16:33,323 - __main__ - WARNING - ESCALAMIENTO detectado (conf: 0.64)
2025-10-20 23:16:33,467 - __main__ - WARNING - ESCALAMIENTO detectado (conf: 0.61)
2025-10-20 23:16:36,132 - __main__ - WARNING - ESCALAMIENTO detectado (conf: 0.61)
2025-10-20 23:16:36,280 - __main__ - WARNING - ESCALAMIENTO detectado (conf: 0.63)
2025-10-20 23:16:36,436 - __main__ - WARNING - ESCALAMIENTO detectado (conf: 0.65)
2025-10-20 23:16:36,605 - __main__ - WARNING - ESCALAMIENTO detectado (conf: 0.66)
2025-10-20 23:16:36,792 - __main__ - WARNING - ESCALAMIENTO detectado (conf: 0.67)
2025-10-20 23:16:36,934 - __main__ - WARNING - ESCALAMIENTO detectado (conf: 0.69)
2025-10-20 23:16:37,085 - __main__ - WARNING - ESCALAMIENTO detectado (conf: 0.67)
2025-10-20 23:16:37,232 - __main__ - WARNING - ESCALAMIENTO detectado (conf: 0.67)
2025-10-20 23:16:37,429 - __main__ - WARNING - ESCALAMIENTO detectado (conf: 0.67)
2025-10-20 23:16:37,565 - __main__ - WARNING - ESCALAMIENTO detectado (conf: 0.67)
2025-10-20 23:16:37,710 - __main__ - WARNING - ESCALAMIENTO detectado (conf: 0.63)
2025-10-20 23:16:39,109 - __main__ - WARNING - PATADA detectado (conf: 0.73)
2025-10-20 23:16:39,265 - __main__ - WARNING - PATADA detectado (conf: 0.76)
2025-10-20 23:16:39,408 - __main__ - WARNING - PATADA detectado (conf: 0.79)
2025-10-20 23:16:39,543 - __main__ - WARNING - PATADA detectado (conf: 0.81)
2025-10-20 23:16:39,688 - __main__ - WARNING - PATADA detectado (conf: 0.73)
2025-10-20 23:16:41,541 - __main__ - WARNING - PATADA detectado (conf: 0.74)
2025-10-20 23:16:41,699 - __main__ - WARNING - PATADA detectado (conf: 0.78)
2025-10-20 23:16:41,858 - __main__ - WARNING - PATADA detectado (conf: 0.77)
2025-10-20 23:16:42,003 - __main__ - WARNING - PATADA detectado (conf: 0.71)
2025-10-20 23:16:42,146 - __main__ - WARNING - PATADA detectado (conf: 0.67)
2025-10-20 23:16:45,031 - __main__ - WARNING - PATADA detectado (conf: 0.69)
2025-10-20 23:16:45,187 - __main__ - WARNING - PATADA detectado (conf: 0.75)
2025-10-20 23:16:45,334 - __main__ - WARNING - PATADA detectado (conf: 0.70)
2025-10-20 23:16:47,473 - __main__ - WARNING - PATADA detectado (conf: 0.67)
2025-10-20 23:16:47,617 - __main__ - WARNING - PATADA detectado (conf: 0.65)
2025-10-20 23:16:52,744 - __main__ - WARNING - PATADA detectado (conf: 0.70)
2025-10-20 23:16:52,888 - __main__ - WARNING - PATADA detectado (conf: 0.71)
2025-10-20 23:16:53,031 - __main__ - WARNING - PATADA detectado (conf: 0.75)
2025-10-20 23:16:53,171 - __main__ - WARNING - PATADA detectado (conf: 0.75)
2025-10-20 23:16:53,316 - __main__ - WARNING - PATADA detectado (conf: 0.76)
2025-10-20 23:16:53,458 - __main__ - WARNING - PATADA detectado (conf: 0.71)
2025-10-20 23:17:01,214 - __main__ - WARNING - PATADA detectado (conf: 0.66)
2025-10-20 23:17:01,358 - __main__ - WARNING - PATADA detectado (conf: 0.67)
2025-10-20 23:17:01,502 - __main__ - WARNING - PATADA detectado (conf: 0.70)
2025-10-20 23:17:01,649 - __main__ - WARNING - PATADA detectado (conf: 0.73)
2025-10-20 23:17:01,791 - __main__ - WARNING - PATADA detectado (conf: 0.76)
2025-10-20 23:17:01,981 - __main__ - WARNING - PATADA detectado (conf: 0.79)
2025-10-20 23:17:02,138 - __main__ - WARNING - PATADA detectado (conf: 0.82)
2025-10-20 23:17:02,305 - __main__ - WARNING - PATADA detectado (conf: 0.80)
2025-10-20 23:17:02,460 - __main__ - WARNING - PATADA detectado (conf: 0.77)
2025-10-20 23:17:02,602 - __main__ - WARNING - PATADA detectado (conf: 0.73)
2025-10-20 23:17:02,746 - __main__ - WARNING - PATADA detectado (conf: 0.72)
2025-10-20 23:17:02,887 - __main__ - WARNING - PATADA detectado (conf: 0.73)
2025-10-20 23:17:03,031 - __main__ - WARNING - PATADA detectado (conf: 0.74)
2025-10-20 23:17:03,174 - __main__ - WARNING - PATADA detectado (conf: 0.75)
2025-10-20 23:17:03,323 - __main__ - WARNING - PATADA detectado (conf: 0.75)
2025-10-20 23:17:03,468 - __main__ - WARNING - PATADA detectado (conf: 0.74)
2025-10-20 23:17:03,613 - __main__ - WARNING - PATADA detectado (conf: 0.73)
2025-10-20 23:17:03,758 - __main__ - WARNING - PATADA detectado (conf: 0.72)
2025-10-20 23:17:03,905 - __main__ - WARNING - PATADA detectado (conf: 0.72)
2025-10-20 23:17:04,057 - __main__ - WARNING - PATADA detectado (conf: 0.72)
2025-10-20 23:17:04,213 - __main__ - WARNING - PATADA detectado (conf: 0.72)
2025-10-20 23:17:04,367 - __main__ - WARNING - PATADA detectado (conf: 0.70)
2025-10-20 23:17:04,523 - __main__ - WARNING - PATADA detectado (conf: 0.67)
2025-10-20 23:17:04,680 - __main__ - WARNING - PATADA detectado (conf: 0.65)
2025-10-20 23:17:11,679 - __main__ - WARNING - PATADA detectado (conf: 0.65)
2025-10-20 23:17:11,826 - __main__ - WARNING - PATADA detectado (conf: 0.66)
2025-10-20 23:17:15,168 - __main__ - WARNING - ESCALAMIENTO detectado (conf: 0.60)
2025-10-20 23:17:15,362 - __main__ - WARNING - ESCALAMIENTO detectado (conf: 0.61)
2025-10-20 23:17:15,505 - __main__ - WARNING - ESCALAMIENTO detectado (conf: 0.62)
2025-10-20 23:17:15,667 - __main__ - WARNING - ESCALAMIENTO detectado (conf: 0.62)
2025-10-20 23:17:15,806 - __main__ - WARNING - ESCALAMIENTO detectado (conf: 0.63)
2025-10-20 23:17:15,959 - __main__ - WARNING - ESCALAMIENTO detectado (conf: 0.62)
2025-10-20 23:17:16,107 - __main__ - WARNING - ESCALAMIENTO detectado (conf: 0.63)
2025-10-20 23:17:16,258 - __main__ - WARNING - ESCALAMIENTO detectado (conf: 0.63)
2025-10-20 23:17:16,411 - __main__ - WARNING - ESCALAMIENTO detectado (conf: 0.65)
2025-10-20 23:17:16,555 - __main__ - WARNING - ESCALAMIENTO detectado (conf: 0.66)
2025-10-20 23:17:16,699 - __main__ - WARNING - ESCALAMIENTO detectado (conf: 0.66)
2025-10-20 23:17:16,841 - __main__ - WARNING - ESCALAMIENTO detectado (conf: 0.66)
2025-10-20 23:17:16,986 - __main__ - WARNING - ESCALAMIENTO detectado (conf: 0.66)
2025-10-20 23:17:17,119 - __main__ - WARNING - ESCALAMIENTO detectado (conf: 0.65)
2025-10-20 23:17:17,266 - __main__ - WARNING - ESCALAMIENTO detectado (conf: 0.64)
2025-10-20 23:17:17,416 - __main__ - WARNING - ESCALAMIENTO detectado (conf: 0.63)
2025-10-20 23:17:17,572 - __main__ - WARNING - ESCALAMIENTO detectado (conf: 0.63)
2025-10-20 23:17:17,726 - __main__ - WARNING - ESCALAMIENTO detectado (conf: 0.61)
2025-10-20 23:17:17,879 - __main__ - WARNING - ESCALAMIENTO detectado (conf: 0.61)
2025-10-20 23:17:19,374 - __main__ - WARNING - PATADA detectado (conf: 0.67)
2025-10-20 23:17:19,519 - __main__ - WARNING - PATADA detectado (conf: 0.68)
2025-10-20 23:17:27,222 - __main__ - WARNING - PATADA detectado (conf: 0.66)
2025-10-20 23:17:27,367 - __main__ - WARNING - PATADA detectado (conf: 0.67)
2025-10-20 23:17:27,518 - __main__ - WARNING - PATADA detectado (conf: 0.67)
2025-10-20 23:17:27,656 - __main__ - WARNING - PATADA detectado (conf: 0.68)
2025-10-20 23:17:27,811 - __main__ - WARNING - PATADA detectado (conf: 0.68)
2025-10-20 23:17:27,971 - __main__ - WARNING - PATADA detectado (conf: 0.67)
2025-10-20 23:17:31,787 - __main__ - WARNING - PATADA detectado (conf: 0.71)
2025-10-20 23:17:31,939 - __main__ - WARNING - PATADA detectado (conf: 0.76)
2025-10-20 23:17:32,080 - __main__ - WARNING - PATADA detectado (conf: 0.77)
2025-10-20 23:17:32,229 - __main__ - WARNING - PATADA detectado (conf: 0.74)
2025-10-20 23:17:32,371 - __main__ - WARNING - PATADA detectado (conf: 0.75)
2025-10-20 23:17:32,513 - __main__ - WARNING - PATADA detectado (conf: 0.76)
2025-10-20 23:17:32,660 - __main__ - WARNING - PATADA detectado (conf: 0.77)
2025-10-20 23:17:32,806 - __main__ - WARNING - PATADA detectado (conf: 0.75)
2025-10-20 23:17:32,968 - __main__ - WARNING - PATADA detectado (conf: 0.74)
2025-10-20 23:17:33,121 - __main__ - WARNING - PATADA detectado (conf: 0.75)
2025-10-20 23:17:33,342 - __main__ - WARNING - PATADA detectado (conf: 0.72)
2025-10-20 23:17:33,493 - __main__ - WARNING - PATADA detectado (conf: 0.69)
2025-10-20 23:17:33,677 - __main__ - WARNING - PATADA detectado (conf: 0.67)
2025-10-20 23:17:33,824 - __main__ - WARNING - PATADA detectado (conf: 0.70)
2025-10-20 23:17:33,987 - __main__ - WARNING - PATADA detectado (conf: 0.74)
2025-10-20 23:17:34,137 - __main__ - WARNING - PATADA detectado (conf: 0.78)
2025-10-20 23:17:34,291 - __main__ - WARNING - PATADA detectado (conf: 0.78)
2025-10-20 23:17:34,439 - __main__ - WARNING - PATADA detectado (conf: 0.79)
2025-10-20 23:17:34,593 - __main__ - WARNING - PATADA detectado (conf: 0.80)
2025-10-20 23:17:34,746 - __main__ - WARNING - PATADA detectado (conf: 0.81)
2025-10-20 23:17:34,885 - __main__ - WARNING - PATADA detectado (conf: 0.81)
2025-10-20 23:17:35,050 - __main__ - WARNING - PATADA detectado (conf: 0.79)
2025-10-20 23:17:35,193 - __main__ - WARNING - PATADA detectado (conf: 0.78)
2025-10-20 23:17:35,350 - __main__ - WARNING - PATADA detectado (conf: 0.77)
2025-10-20 23:17:35,518 - __main__ - WARNING - PATADA detectado (conf: 0.79)
2025-10-20 23:17:35,680 - __main__ - WARNING - PATADA detectado (conf: 0.80)
2025-10-20 23:17:35,875 - __main__ - WARNING - PATADA detectado (conf: 0.82)
2025-10-20 23:17:36,032 - __main__ - WARNING - PATADA detectado (conf: 0.84)
2025-10-20 23:17:36,179 - __main__ - WARNING - PATADA detectado (conf: 0.85)
2025-10-20 23:17:36,334 - __main__ - WARNING - PATADA detectado (conf: 0.84)
2025-10-20 23:17:36,480 - __main__ - WARNING - PATADA detectado (conf: 0.84)
2025-10-20 23:17:36,639 - __main__ - WARNING - PATADA detectado (conf: 0.82)
2025-10-20 23:17:36,778 - __main__ - WARNING - PATADA detectado (conf: 0.83)
2025-10-20 23:17:36,931 - __main__ - WARNING - PATADA detectado (conf: 0.82)
2025-10-20 23:17:37,114 - __main__ - WARNING - PATADA detectado (conf: 0.82)
2025-10-20 23:17:37,293 - __main__ - WARNING - PATADA detectado (conf: 0.81)
2025-10-20 23:17:37,437 - __main__ - WARNING - PATADA detectado (conf: 0.80)
2025-10-20 23:17:37,612 - __main__ - WARNING - PATADA detectado (conf: 0.80)
2025-10-20 23:17:37,753 - __main__ - WARNING - PATADA detectado (conf: 0.80)
2025-10-20 23:17:37,904 - __main__ - WARNING - PATADA detectado (conf: 0.80)
2025-10-20 23:17:38,072 - __main__ - WARNING - PATADA detectado (conf: 0.78)
2025-10-20 23:17:38,246 - __main__ - WARNING - PATADA detectado (conf: 0.77)
2025-10-20 23:17:38,420 - __main__ - WARNING - PATADA detectado (conf: 0.75)
2025-10-20 23:17:38,568 - __main__ - WARNING - PATADA detectado (conf: 0.73)
2025-10-20 23:17:38,704 - __main__ - WARNING - PATADA detectado (conf: 0.71)
2025-10-20 23:17:38,850 - __main__ - WARNING - PATADA detectado (conf: 0.70)
2025-10-20 23:17:38,992 - __main__ - WARNING - PATADA detectado (conf: 0.70)
2025-10-20 23:17:39,142 - __main__ - WARNING - PATADA detectado (conf: 0.72)
2025-10-20 23:17:39,272 - __main__ - WARNING - PATADA detectado (conf: 0.73)
2025-10-20 23:17:39,411 - __main__ - WARNING - PATADA detectado (conf: 0.72)
2025-10-20 23:17:39,564 - __main__ - WARNING - PATADA detectado (conf: 0.67)
2025-10-20 23:17:45,617 - __main__ - WARNING - ESCALAMIENTO detectado (conf: 0.60)
2025-10-20 23:17:45,762 - __main__ - WARNING - ESCALAMIENTO detectado (conf: 0.65)
2025-10-20 23:17:45,918 - __main__ - WARNING - ESCALAMIENTO detectado (conf: 0.65)
2025-10-20 23:17:46,080 - __main__ - WARNING - ESCALAMIENTO detectado (conf: 0.64)
2025-10-20 23:17:46,241 - __main__ - WARNING - ESCALAMIENTO detectado (conf: 0.64)
2025-10-20 23:17:46,390 - __main__ - WARNING - ESCALAMIENTO detectado (conf: 0.64)
2025-10-20 23:17:46,534 - __main__ - WARNING - ESCALAMIENTO detectado (conf: 0.64)
2025-10-20 23:17:46,678 - __main__ - WARNING - ESCALAMIENTO detectado (conf: 0.65)
2025-10-20 23:17:46,821 - __main__ - WARNING - ESCALAMIENTO detectado (conf: 0.65)
2025-10-20 23:17:46,957 - __main__ - WARNING - ESCALAMIENTO detectado (conf: 0.65)
2025-10-20 23:17:47,100 - __main__ - WARNING - ESCALAMIENTO detectado (conf: 0.65)
2025-10-20 23:17:47,240 - __main__ - WARNING - ESCALAMIENTO detectado (conf: 0.66)
2025-10-20 23:17:47,376 - __main__ - WARNING - ESCALAMIENTO detectado (conf: 0.66)
2025-10-20 23:17:47,524 - __main__ - WARNING - ESCALAMIENTO detectado (conf: 0.65)
2025-10-20 23:17:47,692 - __main__ - WARNING - ESCALAMIENTO detectado (conf: 0.65)
2025-10-20 23:17:47,889 - __main__ - WARNING - ESCALAMIENTO detectado (conf: 0.65)
2025-10-20 23:17:48,062 - __main__ - WARNING - ESCALAMIENTO detectado (conf: 0.65)
2025-10-20 23:17:48,225 - __main__ - WARNING - ESCALAMIENTO detectado (conf: 0.63)
2025-10-20 23:17:53,610 - __main__ - WARNING - ESCALAMIENTO detectado (conf: 0.60)
2025-10-20 23:17:53,768 - __main__ - WARNING - ESCALAMIENTO detectado (conf: 0.61)
2025-10-20 23:17:53,924 - __main__ - WARNING - ESCALAMIENTO detectado (conf: 0.61)
2025-10-20 23:17:54,079 - __main__ - WARNING - ESCALAMIENTO detectado (conf: 0.62)
2025-10-20 23:17:54,234 - __main__ - WARNING - ESCALAMIENTO detectado (conf: 0.61)
2025-10-20 23:17:54,375 - __main__ - WARNING - ESCALAMIENTO detectado (conf: 0.61)
2025-10-20 23:17:54,513 - __main__ - WARNING - ESCALAMIENTO detectado (conf: 0.62)
2025-10-20 23:17:54,657 - __main__ - WARNING - ESCALAMIENTO detectado (conf: 0.63)
2025-10-20 23:17:54,827 - __main__ - WARNING - ESCALAMIENTO detectado (conf: 0.63)
2025-10-20 23:17:54,981 - __main__ - WARNING - ESCALAMIENTO detectado (conf: 0.61)
2025-10-20 23:17:55,970 - __main__ - WARNING - ESCALAMIENTO detectado (conf: 0.61)
2025-10-20 23:17:56,123 - __main__ - WARNING - ESCALAMIENTO detectado (conf: 0.62)
2025-10-20 23:17:56,276 - __main__ - WARNING - ESCALAMIENTO detectado (conf: 0.63)
2025-10-20 23:17:56,436 - __main__ - WARNING - ESCALAMIENTO detectado (conf: 0.63)
2025-10-20 23:17:56,587 - __main__ - WARNING - ESCALAMIENTO detectado (conf: 0.63)
2025-10-20 23:17:56,739 - __main__ - WARNING - ESCALAMIENTO detectado (conf: 0.61)
2025-10-20 23:17:58,779 - __main__ - WARNING - PATADA detectado (conf: 0.66)
2025-10-20 23:18:06,087 - __main__ - WARNING - ESCALAMIENTO detectado (conf: 0.60)
2025-10-20 23:18:06,241 - __main__ - WARNING - ESCALAMIENTO detectado (conf: 0.60)
2025-10-20 23:18:10,409 - __main__ - WARNING - ESCALAMIENTO detectado (conf: 0.60)
2025-10-20 23:18:10,553 - __main__ - WARNING - ESCALAMIENTO detectado (conf: 0.64)
2025-10-20 23:18:10,710 - __main__ - WARNING - ESCALAMIENTO detectado (conf: 0.64)
2025-10-20 23:18:10,857 - __main__ - WARNING - ESCALAMIENTO detectado (conf: 0.64)
2025-10-20 23:18:11,002 - __main__ - WARNING - ESCALAMIENTO detectado (conf: 0.64)
2025-10-20 23:18:11,159 - __main__ - WARNING - ESCALAMIENTO detectado (conf: 0.65)
2025-10-20 23:18:11,305 - __main__ - WARNING - ESCALAMIENTO detectado (conf: 0.66)
2025-10-20 23:18:11,446 - __main__ - WARNING - ESCALAMIENTO detectado (conf: 0.66)
2025-10-20 23:18:11,636 - __main__ - WARNING - ESCALAMIENTO detectado (conf: 0.67)
2025-10-20 23:18:11,814 - __main__ - WARNING - ESCALAMIENTO detectado (conf: 0.68)
2025-10-20 23:18:11,969 - __main__ - WARNING - ESCALAMIENTO detectado (conf: 0.67)
2025-10-20 23:18:12,139 - __main__ - WARNING - ESCALAMIENTO detectado (conf: 0.67)
2025-10-20 23:18:12,288 - __main__ - WARNING - ESCALAMIENTO detectado (conf: 0.65)
2025-10-20 23:18:12,426 - __main__ - WARNING - ESCALAMIENTO detectado (conf: 0.62)
2025-10-20 23:18:18,435 - __main__ - WARNING - ESCALAMIENTO detectado (conf: 0.63)
2025-10-20 23:18:18,581 - __main__ - WARNING - ESCALAMIENTO detectado (conf: 0.64)
2025-10-20 23:18:18,726 - __main__ - WARNING - ESCALAMIENTO detectado (conf: 0.64)
2025-10-20 23:18:18,914 - __main__ - WARNING - ESCALAMIENTO detectado (conf: 0.64)
2025-10-20 23:18:19,055 - __main__ - WARNING - ESCALAMIENTO detectado (conf: 0.65)
2025-10-20 23:18:19,191 - __main__ - WARNING - ESCALAMIENTO detectado (conf: 0.66)
2025-10-20 23:18:19,332 - __main__ - WARNING - ESCALAMIENTO detectado (conf: 0.65)
2025-10-20 23:18:19,486 - __main__ - WARNING - ESCALAMIENTO detectado (conf: 0.65)
2025-10-20 23:18:19,641 - __main__ - WARNING - ESCALAMIENTO detectado (conf: 0.66)
2025-10-20 23:18:19,797 - __main__ - WARNING - ESCALAMIENTO detectado (conf: 0.67)
2025-10-20 23:18:19,950 - __main__ - WARNING - ESCALAMIENTO detectado (conf: 0.67)
2025-10-20 23:18:20,093 - __main__ - WARNING - ESCALAMIENTO detectado (conf: 0.67)
2025-10-20 23:18:20,234 - __main__ - WARNING - ESCALAMIENTO detectado (conf: 0.64)
2025-10-20 23:18:20,376 - __main__ - WARNING - ESCALAMIENTO detectado (conf: 0.62)
2025-10-20 23:18:23,792 - __main__ - WARNING - ESCALAMIENTO detectado (conf: 0.61)
2025-10-20 23:18:23,927 - __main__ - WARNING - ESCALAMIENTO detectado (conf: 0.62)
2025-10-20 23:18:24,079 - __main__ - WARNING - ESCALAMIENTO detectado (conf: 0.63)
2025-10-20 23:18:25,882 - __main__ - WARNING - ESCALAMIENTO detectado (conf: 0.60)
2025-10-20 23:18:26,022 - __main__ - WARNING - ESCALAMIENTO detectado (conf: 0.61)
2025-10-20 23:18:26,164 - __main__ - WARNING - ESCALAMIENTO detectado (conf: 0.63)
2025-10-20 23:18:26,308 - __main__ - WARNING - ESCALAMIENTO detectado (conf: 0.63)
2025-10-20 23:18:26,458 - __main__ - WARNING - ESCALAMIENTO detectado (conf: 0.62)
2025-10-20 23:18:26,605 - __main__ - WARNING - ESCALAMIENTO detectado (conf: 0.61)
2025-10-20 23:18:26,743 - __main__ - WARNING - ESCALAMIENTO detectado (conf: 0.61)
2025-10-20 23:18:27,166 - __main__ - WARNING - ESCALAMIENTO detectado (conf: 0.60)
2025-10-20 23:18:27,332 - __main__ - WARNING - ESCALAMIENTO detectado (conf: 0.61)
2025-10-20 23:18:27,503 - __main__ - WARNING - ESCALAMIENTO detectado (conf: 0.61)
2025-10-20 23:18:27,740 - __main__ - WARNING - ESCALAMIENTO detectado (conf: 0.61)
2025-10-20 23:18:31,795 - __main__ - WARNING - ESCALAMIENTO detectado (conf: 0.62)
2025-10-20 23:18:31,937 - __main__ - WARNING - ESCALAMIENTO detectado (conf: 0.66)
2025-10-20 23:18:32,082 - __main__ - WARNING - ESCALAMIENTO detectado (conf: 0.66)
2025-10-20 23:18:32,234 - __main__ - WARNING - ESCALAMIENTO detectado (conf: 0.65)
2025-10-20 23:18:32,395 - __main__ - WARNING - ESCALAMIENTO detectado (conf: 0.63)
2025-10-20 23:18:33,878 - __main__ - WARNING - ESCALAMIENTO detectado (conf: 0.62)
2025-10-20 23:18:34,019 - __main__ - WARNING - ESCALAMIENTO detectado (conf: 0.65)
2025-10-20 23:18:34,154 - __main__ - WARNING - ESCALAMIENTO detectado (conf: 0.60)
2025-10-20 23:18:34,303 - __main__ - WARNING - ESCALAMIENTO detectado (conf: 0.62)
2025-10-20 23:18:34,448 - __main__ - WARNING - ESCALAMIENTO detectado (conf: 0.63)
2025-10-20 23:18:34,588 - __main__ - WARNING - ESCALAMIENTO detectado (conf: 0.63)
2025-10-20 23:18:34,721 - __main__ - WARNING - ESCALAMIENTO detectado (conf: 0.63)
2025-10-20 23:18:34,870 - __main__ - WARNING - ESCALAMIENTO detectado (conf: 0.66)
2025-10-20 23:18:35,025 - __main__ - WARNING - ESCALAMIENTO detectado (conf: 0.64)
2025-10-20 23:18:35,184 - __main__ - WARNING - ESCALAMIENTO detectado (conf: 0.60)
2025-10-20 23:18:39,305 - __main__ - WARNING - ESCALAMIENTO detectado (conf: 0.60)
2025-10-20 23:18:39,459 - __main__ - WARNING - ESCALAMIENTO detectado (conf: 0.61)
2025-10-20 23:18:39,609 - __main__ - WARNING - ESCALAMIENTO detectado (conf: 0.61)
2025-10-20 23:18:44,378 - __main__ - WARNING - PATADA detectado (conf: 0.65)
2025-10-20 23:18:48,370 - __main__ - WARNING - PATADA detectado (conf: 0.68)
2025-10-20 23:18:48,529 - __main__ - WARNING - PATADA detectado (conf: 0.70)
2025-10-20 23:18:48,675 - __main__ - WARNING - PATADA detectado (conf: 0.71)
2025-10-20 23:18:48,848 - __main__ - WARNING - PATADA detectado (conf: 0.71)
2025-10-20 23:18:49,000 - __main__ - WARNING - PATADA detectado (conf: 0.68)
2025-10-20 23:19:55,638 - __main__ - WARNING - PATADA detectado (conf: 0.65)
2025-10-20 23:19:55,782 - __main__ - WARNING - PATADA detectado (conf: 0.69)
2025-10-20 23:19:55,934 - __main__ - WARNING - PATADA detectado (conf: 0.70)
2025-10-20 23:19:57,404 - __main__ - WARNING - PATADA detectado (conf: 0.67)
2025-10-20 23:19:57,557 - __main__ - WARNING - PATADA detectado (conf: 0.72)
2025-10-20 23:19:57,697 - __main__ - WARNING - PATADA detectado (conf: 0.68)
2025-10-20 23:20:04,530 - __main__ - WARNING - ESCALAMIENTO detectado (conf: 0.61)
2025-10-20 23:20:07,736 - __main__ - WARNING - PATADA detectado (conf: 0.72)
2025-10-20 23:20:07,877 - __main__ - WARNING - PATADA detectado (conf: 0.73)
2025-10-20 23:20:08,019 - __main__ - WARNING - PATADA detectado (conf: 0.75)
2025-10-20 23:20:08,168 - __main__ - WARNING - PATADA detectado (conf: 0.73)
2025-10-20 23:20:08,310 - __main__ - WARNING - PATADA detectado (conf: 0.70)
2025-10-20 23:20:08,455 - __main__ - WARNING - PATADA detectado (conf: 0.69)
2025-10-20 23:20:08,598 - __main__ - WARNING - PATADA detectado (conf: 0.72)
2025-10-20 23:20:08,739 - __main__ - WARNING - PATADA detectado (conf: 0.76)
2025-10-20 23:20:08,880 - __main__ - WARNING - PATADA detectado (conf: 0.74)
2025-10-20 23:20:09,021 - __main__ - WARNING - PATADA detectado (conf: 0.73)
2025-10-20 23:20:09,174 - __main__ - WARNING - PATADA detectado (conf: 0.72)
2025-10-20 23:20:09,365 - __main__ - WARNING - PATADA detectado (conf: 0.76)
2025-10-20 23:20:09,530 - __main__ - WARNING - PATADA detectado (conf: 0.76)
2025-10-20 23:20:09,688 - __main__ - WARNING - PATADA detectado (conf: 0.77)
2025-10-20 23:20:09,842 - __main__ - WARNING - PATADA detectado (conf: 0.74)
2025-10-20 23:20:09,993 - __main__ - WARNING - PATADA detectado (conf: 0.72)
2025-10-20 23:20:10,135 - __main__ - WARNING - PATADA detectado (conf: 0.72)
2025-10-20 23:20:10,278 - __main__ - WARNING - PATADA detectado (conf: 0.72)
2025-10-20 23:20:10,420 - __main__ - WARNING - PATADA detectado (conf: 0.73)
2025-10-20 23:20:10,562 - __main__ - WARNING - PATADA detectado (conf: 0.73)
2025-10-20 23:20:10,697 - __main__ - WARNING - PATADA detectado (conf: 0.72)
2025-10-20 23:20:10,839 - __main__ - WARNING - PATADA detectado (conf: 0.73)
2025-10-20 23:20:10,977 - __main__ - WARNING - PATADA detectado (conf: 0.73)
2025-10-20 23:20:11,116 - __main__ - WARNING - PATADA detectado (conf: 0.73)
2025-10-20 23:20:11,260 - __main__ - WARNING - PATADA detectado (conf: 0.72)
2025-10-20 23:20:11,406 - __main__ - WARNING - PATADA detectado (conf: 0.72)
2025-10-20 23:20:11,605 - __main__ - WARNING - PATADA detectado (conf: 0.76)
2025-10-20 23:20:11,749 - __main__ - WARNING - PATADA detectado (conf: 0.75)
2025-10-20 23:20:11,883 - __main__ - WARNING - PATADA detectado (conf: 0.75)
2025-10-20 23:20:12,033 - __main__ - WARNING - PATADA detectado (conf: 0.74)
2025-10-20 23:20:12,192 - __main__ - WARNING - PATADA detectado (conf: 0.75)
2025-10-20 23:20:12,352 - __main__ - WARNING - PATADA detectado (conf: 0.76)
2025-10-20 23:20:12,500 - __main__ - WARNING - PATADA detectado (conf: 0.76)
2025-10-20 23:20:12,692 - __main__ - WARNING - PATADA detectado (conf: 0.76)
2025-10-20 23:20:12,832 - __main__ - WARNING - PATADA detectado (conf: 0.74)
2025-10-20 23:20:12,974 - __main__ - WARNING - PATADA detectado (conf: 0.71)
2025-10-20 23:20:13,119 - __main__ - WARNING - PATADA detectado (conf: 0.67)
2025-10-20 23:20:13,270 - __main__ - WARNING - PATADA detectado (conf: 0.65)
2025-10-20 23:20:14,495 - __main__ - WARNING - ESCALAMIENTO detectado (conf: 0.62)
2025-10-20 23:20:14,650 - __main__ - WARNING - ESCALAMIENTO detectado (conf: 0.64)
2025-10-20 23:20:14,806 - __main__ - WARNING - ESCALAMIENTO detectado (conf: 0.65)
2025-10-20 23:20:14,967 - __main__ - WARNING - ESCALAMIENTO detectado (conf: 0.64)
2025-10-20 23:20:15,118 - __main__ - WARNING - ESCALAMIENTO detectado (conf: 0.61)
2025-10-20 23:20:29,023 - __main__ - WARNING - PATADA detectado (conf: 0.71)
2025-10-20 23:20:29,168 - __main__ - WARNING - PATADA detectado (conf: 0.67)
2025-10-20 23:20:33,883 - __main__ - WARNING - ESCALAMIENTO detectado (conf: 0.63)
2025-10-20 23:20:34,037 - __main__ - WARNING - ESCALAMIENTO detectado (conf: 0.64)
2025-10-20 23:20:34,190 - __main__ - WARNING - ESCALAMIENTO detectado (conf: 0.63)
2025-10-20 23:20:34,337 - __main__ - WARNING - ESCALAMIENTO detectado (conf: 0.62)
2025-10-20 23:20:34,482 - __main__ - WARNING - ESCALAMIENTO detectado (conf: 0.62)
2025-10-20 23:20:34,628 - __main__ - WARNING - ESCALAMIENTO detectado (conf: 0.61)
2025-10-20 23:20:34,807 - __main__ - WARNING - ESCALAMIENTO detectado (conf: 0.61)
2025-10-20 23:20:34,963 - __main__ - WARNING - ESCALAMIENTO detectado (conf: 0.62)
2025-10-20 23:20:35,107 - __main__ - WARNING - ESCALAMIENTO detectado (conf: 0.62)
2025-10-20 23:20:35,267 - __main__ - WARNING - ESCALAMIENTO detectado (conf: 0.62)
2025-10-20 23:20:35,441 - __main__ - WARNING - ESCALAMIENTO detectado (conf: 0.62)
2025-10-20 23:20:35,611 - __main__ - WARNING - ESCALAMIENTO detectado (conf: 0.61)
2025-10-20 23:20:35,788 - __main__ - WARNING - ESCALAMIENTO detectado (conf: 0.61)
2025-10-20 23:20:35,941 - __main__ - WARNING - ESCALAMIENTO detectado (conf: 0.62)
2025-10-20 23:20:36,085 - __main__ - WARNING - ESCALAMIENTO detectado (conf: 0.62)
2025-10-20 23:20:36,231 - __main__ - WARNING - ESCALAMIENTO detectado (conf: 0.63)
2025-10-20 23:20:36,374 - __main__ - WARNING - ESCALAMIENTO detectado (conf: 0.63)
2025-10-20 23:20:36,521 - __main__ - WARNING - ESCALAMIENTO detectado (conf: 0.64)
2025-10-20 23:20:36,666 - __main__ - WARNING - ESCALAMIENTO detectado (conf: 0.64)
2025-10-20 23:20:36,815 - __main__ - WARNING - ESCALAMIENTO detectado (conf: 0.65)
2025-10-20 23:20:36,956 - __main__ - WARNING - ESCALAMIENTO detectado (conf: 0.65)
2025-10-20 23:20:37,099 - __main__ - WARNING - ESCALAMIENTO detectado (conf: 0.65)
2025-10-20 23:20:37,234 - __main__ - WARNING - ESCALAMIENTO detectado (conf: 0.63)
2025-10-20 23:20:37,376 - __main__ - WARNING - ESCALAMIENTO detectado (conf: 0.63)
2025-10-20 23:20:37,511 - __main__ - WARNING - ESCALAMIENTO detectado (conf: 0.61)
2025-10-20 23:20:39,585 - __main__ - WARNING - ESCALAMIENTO detectado (conf: 0.61)
2025-10-20 23:20:39,733 - __main__ - WARNING - ESCALAMIENTO detectado (conf: 0.62)
2025-10-20 23:20:39,869 - __main__ - WARNING - ESCALAMIENTO detectado (conf: 0.63)
2025-10-20 23:20:40,005 - __main__ - WARNING - ESCALAMIENTO detectado (conf: 0.63)
2025-10-20 23:20:40,152 - __main__ - WARNING - ESCALAMIENTO detectado (conf: 0.63)
2025-10-20 23:20:40,291 - __main__ - WARNING - ESCALAMIENTO detectado (conf: 0.62)
2025-10-20 23:20:40,423 - __main__ - WARNING - ESCALAMIENTO detectado (conf: 0.63)
2025-10-20 23:20:40,588 - __main__ - WARNING - ESCALAMIENTO detectado (conf: 0.63)
2025-10-20 23:20:40,748 - __main__ - WARNING - ESCALAMIENTO detectado (conf: 0.64)
2025-10-20 23:20:40,914 - __main__ - WARNING - ESCALAMIENTO detectado (conf: 0.65)
2025-10-20 23:20:41,063 - __main__ - WARNING - ESCALAMIENTO detectado (conf: 0.65)
2025-10-20 23:20:41,198 - __main__ - WARNING - ESCALAMIENTO detectado (conf: 0.65)
2025-10-20 23:20:41,336 - __main__ - WARNING - ESCALAMIENTO detectado (conf: 0.65)
2025-10-20 23:20:41,512 - __main__ - WARNING - ESCALAMIENTO detectado (conf: 0.65)
2025-10-20 23:20:41,665 - __main__ - WARNING - ESCALAMIENTO detectado (conf: 0.65)
2025-10-20 23:20:41,809 - __main__ - WARNING - ESCALAMIENTO detectado (conf: 0.66)
2025-10-20 23:20:41,957 - __main__ - WARNING - ESCALAMIENTO detectado (conf: 0.65)
2025-10-20 23:20:42,105 - __main__ - WARNING - ESCALAMIENTO detectado (conf: 0.65)
2025-10-20 23:20:42,242 - __main__ - WARNING - ESCALAMIENTO detectado (conf: 0.64)
2025-10-20 23:20:42,377 - __main__ - WARNING - ESCALAMIENTO detectado (conf: 0.63)
2025-10-20 23:20:42,521 - __main__ - WARNING - ESCALAMIENTO detectado (conf: 0.62)
2025-10-20 23:20:42,669 - __main__ - WARNING - ESCALAMIENTO detectado (conf: 0.61)
2025-10-20 23:20:42,810 - __main__ - WARNING - ESCALAMIENTO detectado (conf: 0.61)
2025-10-20 23:20:43,106 - __main__ - WARNING - ESCALAMIENTO detectado (conf: 0.60)
2025-10-20 23:20:43,269 - __main__ - WARNING - ESCALAMIENTO detectado (conf: 0.61)
2025-10-20 23:20:43,427 - __main__ - WARNING - ESCALAMIENTO detectado (conf: 0.61)
2025-10-20 23:20:43,592 - __main__ - WARNING - ESCALAMIENTO detectado (conf: 0.61)
2025-10-20 23:20:43,763 - __main__ - WARNING - ESCALAMIENTO detectado (conf: 0.62)
2025-10-20 23:20:43,950 - __main__ - WARNING - ESCALAMIENTO detectado (conf: 0.61)
2025-10-20 23:20:44,114 - __main__ - WARNING - ESCALAMIENTO detectado (conf: 0.61)
2025-10-20 23:20:51,222 - __main__ - WARNING - PATADA detectado (conf: 0.66)
2025-10-20 23:20:51,384 - __main__ - WARNING - PATADA detectado (conf: 0.68)
2025-10-20 23:21:49,367 - __main__ - WARNING - PATADA detectado (conf: 0.65)
2025-10-20 23:22:23,726 - __main__ - INFO - Interrupcion por usuario
2025-10-21 19:11:35,083 - __main__ - INFO - Iniciando sistema de deteccion de poses...
2025-10-21 19:11:35,083 - __main__ - INFO - Cargando modelo yolov8n-pose.pt...
2025-10-21 19:11:35,283 - __main__ - INFO - Modelo cargado correctamente
2025-10-21 19:11:35,284 - __main__ - INFO - Inicializando detector ML...
2025-10-21 19:11:39,454 - detector_ml - INFO - Modelo cargado desde: data/pose_classifier.pkl
2025-10-21 19:11:39,454 - detector_ml - INFO - Detector ML inicializado correctamente
2025-10-21 19:11:39,454 - __main__ - INFO - Conectando a camara: 3
2025-10-21 19:11:40,761 - __main__ - INFO - Verificando lectura de frames...
2025-10-21 19:11:40,762 - __main__ - INFO - Sistema iniciado correctamente
2025-10-21 19:11:40,762 - __main__ - INFO - Resolucion de captura: 640x480
2025-10-21 19:11:40,762 - __main__ - INFO - Detector ML stats: {'model_path': 'data/pose_classifier.pkl', 'classes': ['escalamiento', 'patada', 'lanzar', 'mirar_ventana'], 'thresholds': {'escalamiento': 0.6, 'patada': 0.65, 'lanzar': 0.65, 'mirar_ventana': 0.55}, 'buffer_sizes': {'escalamiento': 0, 'patada': 0, 'lanzar': 0, 'mirar_ventana': 0}, 'min_durations': {'mirar_ventana': 2.0}}
2025-10-21 19:11:40,762 - __main__ - INFO - Iniciando deteccion...
2025-10-21 19:11:40,763 - __main__ - INFO - Presiona 'q' para salir, 'r' para resetear cooldowns
2025-10-21 19:11:53,628 - __main__ - INFO - Interrupcion por usuario
